{"D:\\kerja\\eigen tri mathema\\test-backend\\src\\index.ts": {"path":"D:\\kerja\\eigen tri mathema\\test-backend\\src\\index.ts","statementMap":{"0":{"start":{"line":1,"column":0},"end":{"line":1,"column":30}},"1":{"start":{"line":2,"column":0},"end":{"line":2,"column":32}},"2":{"start":{"line":3,"column":0},"end":{"line":3,"column":28}},"3":{"start":{"line":4,"column":0},"end":{"line":4,"column":48}},"4":{"start":{"line":5,"column":0},"end":{"line":5,"column":56}},"5":{"start":{"line":6,"column":0},"end":{"line":6,"column":60}},"6":{"start":{"line":8,"column":0},"end":{"line":8,"column":16}},"7":{"start":{"line":10,"column":12},"end":{"line":10,"column":21}},"8":{"start":{"line":11,"column":13},"end":{"line":11,"column":37}},"9":{"start":{"line":14,"column":0},"end":{"line":14,"column":24}},"10":{"start":{"line":16,"column":0},"end":{"line":16,"column":18}},"11":{"start":{"line":18,"column":0},"end":{"line":18,"column":34}},"12":{"start":{"line":19,"column":0},"end":{"line":19,"column":37}},"13":{"start":{"line":21,"column":0},"end":{"line":31,"column":1}},"14":{"start":{"line":23,"column":2},"end":{"line":25,"column":38}},"15":{"start":{"line":24,"column":16},"end":{"line":24,"column":48}},"16":{"start":{"line":25,"column":18},"end":{"line":25,"column":36}},"17":{"start":{"line":27,"column":2},"end":{"line":30,"column":5}},"18":{"start":{"line":28,"column":4},"end":{"line":28,"column":63}},"19":{"start":{"line":29,"column":4},"end":{"line":29,"column":73}},"20":{"start":{"line":33,"column":0},"end":{"line":33,"column":null}}},"fnMap":{"0":{"name":"(anonymous_1)","decl":{"start":{"line":24,"column":10},"end":{"line":24,"column":13}},"loc":{"start":{"line":24,"column":16},"end":{"line":24,"column":48}}},"1":{"name":"(anonymous_2)","decl":{"start":{"line":25,"column":11},"end":{"line":25,"column":14}},"loc":{"start":{"line":25,"column":18},"end":{"line":25,"column":36}}},"2":{"name":"(anonymous_3)","decl":{"start":{"line":27,"column":19},"end":{"line":27,"column":22}},"loc":{"start":{"line":27,"column":24},"end":{"line":30,"column":3}}}},"branchMap":{"0":{"loc":{"start":{"line":11,"column":13},"end":{"line":11,"column":37}},"type":"binary-expr","locations":[{"start":{"line":11,"column":13},"end":{"line":11,"column":29}},{"start":{"line":11,"column":33},"end":{"line":11,"column":37}}]},"1":{"loc":{"start":{"line":21,"column":0},"end":{"line":31,"column":1}},"type":"if","locations":[{"start":{"line":21,"column":0},"end":{"line":31,"column":1}}]}},"s":{"0":2,"1":2,"2":2,"3":2,"4":2,"5":2,"6":2,"7":2,"8":2,"9":2,"10":2,"11":2,"12":2,"13":2,"14":0,"15":0,"16":0,"17":0,"18":0,"19":0,"20":2},"f":{"0":0,"1":0,"2":0},"b":{"0":[2,2],"1":[0]}}
,"D:\\kerja\\eigen tri mathema\\test-backend\\src\\config\\swagger.ts": {"path":"D:\\kerja\\eigen tri mathema\\test-backend\\src\\config\\swagger.ts","statementMap":{"0":{"start":{"line":1,"column":0},"end":{"line":1,"column":41}},"1":{"start":{"line":2,"column":0},"end":{"line":2,"column":43}},"2":{"start":{"line":5,"column":23},"end":{"line":16,"column":2}},"3":{"start":{"line":18,"column":20},"end":{"line":18,"column":48}},"4":{"start":{"line":20,"column":28},"end":{"line":22,"column":1}},"5":{"start":{"line":21,"column":2},"end":{"line":21,"column":70}},"6":{"start":{"line":20,"column":13},"end":{"line":20,"column":28}}},"fnMap":{"0":{"name":"(anonymous_1)","decl":{"start":{"line":20,"column":28},"end":{"line":20,"column":29}},"loc":{"start":{"line":20,"column":45},"end":{"line":22,"column":1}}}},"branchMap":{},"s":{"0":2,"1":2,"2":2,"3":2,"4":2,"5":2,"6":2},"f":{"0":2},"b":{}}
,"D:\\kerja\\eigen tri mathema\\test-backend\\src\\infrastructure\\repositories\\BookRepository.ts": {"path":"D:\\kerja\\eigen tri mathema\\test-backend\\src\\infrastructure\\repositories\\BookRepository.ts","statementMap":{"0":{"start":{"line":1,"column":0},"end":{"line":1,"column":57}},"1":{"start":{"line":5,"column":4},"end":{"line":5,"column":28}},"2":{"start":{"line":9,"column":4},"end":{"line":9,"column":39}},"3":{"start":{"line":13,"column":4},"end":{"line":13,"column":38}},"4":{"start":{"line":17,"column":4},"end":{"line":17,"column":69}},"5":{"start":{"line":3,"column":0},"end":{"line":3,"column":13}}},"fnMap":{"0":{"name":"(anonymous_8)","decl":{"start":{"line":4,"column":2},"end":{"line":4,"column":8}},"loc":{"start":{"line":4,"column":21},"end":{"line":6,"column":null}}},"1":{"name":"(anonymous_10)","decl":{"start":{"line":8,"column":2},"end":{"line":8,"column":8}},"loc":{"start":{"line":8,"column":38},"end":{"line":10,"column":null}}},"2":{"name":"(anonymous_12)","decl":{"start":{"line":12,"column":2},"end":{"line":12,"column":8}},"loc":{"start":{"line":12,"column":31},"end":{"line":14,"column":null}}},"3":{"name":"(anonymous_14)","decl":{"start":{"line":16,"column":2},"end":{"line":16,"column":8}},"loc":{"start":{"line":16,"column":56},"end":{"line":18,"column":null}}}},"branchMap":{},"s":{"0":2,"1":1,"2":5,"3":0,"4":2,"5":2},"f":{"0":1,"1":5,"2":0,"3":2},"b":{}}
,"D:\\kerja\\eigen tri mathema\\test-backend\\src\\infrastructure\\repositories\\MemberRepository.ts": {"path":"D:\\kerja\\eigen tri mathema\\test-backend\\src\\infrastructure\\repositories\\MemberRepository.ts","statementMap":{"0":{"start":{"line":1,"column":0},"end":{"line":1,"column":63}},"1":{"start":{"line":5,"column":4},"end":{"line":5,"column":30}},"2":{"start":{"line":9,"column":4},"end":{"line":9,"column":41}},"3":{"start":{"line":13,"column":4},"end":{"line":13,"column":42}},"4":{"start":{"line":17,"column":4},"end":{"line":17,"column":73}},"5":{"start":{"line":3,"column":0},"end":{"line":3,"column":13}}},"fnMap":{"0":{"name":"(anonymous_8)","decl":{"start":{"line":4,"column":2},"end":{"line":4,"column":8}},"loc":{"start":{"line":4,"column":21},"end":{"line":6,"column":null}}},"1":{"name":"(anonymous_10)","decl":{"start":{"line":8,"column":2},"end":{"line":8,"column":8}},"loc":{"start":{"line":8,"column":38},"end":{"line":10,"column":null}}},"2":{"name":"(anonymous_12)","decl":{"start":{"line":12,"column":2},"end":{"line":12,"column":8}},"loc":{"start":{"line":12,"column":35},"end":{"line":14,"column":null}}},"3":{"name":"(anonymous_14)","decl":{"start":{"line":16,"column":2},"end":{"line":16,"column":8}},"loc":{"start":{"line":16,"column":60},"end":{"line":18,"column":null}}}},"branchMap":{},"s":{"0":2,"1":0,"2":3,"3":0,"4":2,"5":2},"f":{"0":0,"1":3,"2":0,"3":2},"b":{}}
,"D:\\kerja\\eigen tri mathema\\test-backend\\src\\infrastructure\\schemas\\BookSchema.ts": {"path":"D:\\kerja\\eigen tri mathema\\test-backend\\src\\infrastructure\\schemas\\BookSchema.ts","statementMap":{"0":{"start":{"line":1,"column":0},"end":{"line":1,"column":54}},"1":{"start":{"line":11,"column":19},"end":{"line":16,"column":2}},"2":{"start":{"line":19,"column":0},"end":{"line":21,"column":2}},"3":{"start":{"line":20,"column":2},"end":{"line":20,"column":24}},"4":{"start":{"line":23,"column":0},"end":{"line":23,"column":57}}},"fnMap":{"0":{"name":"(anonymous_9)","decl":{"start":{"line":19,"column":33},"end":{"line":19,"column":null}},"loc":{"start":{"line":19,"column":33},"end":{"line":21,"column":1}}}},"branchMap":{},"s":{"0":2,"1":2,"2":2,"3":2,"4":2},"f":{"0":2},"b":{}}
,"D:\\kerja\\eigen tri mathema\\test-backend\\src\\infrastructure\\schemas\\MemberSchema.ts": {"path":"D:\\kerja\\eigen tri mathema\\test-backend\\src\\infrastructure\\schemas\\MemberSchema.ts","statementMap":{"0":{"start":{"line":1,"column":0},"end":{"line":1,"column":54}},"1":{"start":{"line":12,"column":21},"end":{"line":17,"column":2}},"2":{"start":{"line":20,"column":0},"end":{"line":22,"column":2}},"3":{"start":{"line":21,"column":2},"end":{"line":21,"column":72}},"4":{"start":{"line":24,"column":0},"end":{"line":26,"column":2}},"5":{"start":{"line":25,"column":2},"end":{"line":25,"column":61}},"6":{"start":{"line":28,"column":0},"end":{"line":28,"column":63}}},"fnMap":{"0":{"name":"(anonymous_9)","decl":{"start":{"line":20,"column":34},"end":{"line":20,"column":null}},"loc":{"start":{"line":20,"column":34},"end":{"line":22,"column":1}}},"1":{"name":"(anonymous_10)","decl":{"start":{"line":24,"column":33},"end":{"line":24,"column":null}},"loc":{"start":{"line":24,"column":33},"end":{"line":26,"column":1}}}},"branchMap":{"0":{"loc":{"start":{"line":21,"column":9},"end":{"line":21,"column":71}},"type":"cond-expr","locations":[{"start":{"line":21,"column":31},"end":{"line":21,"column":63}},{"start":{"line":21,"column":66},"end":{"line":21,"column":71}}]},"1":{"loc":{"start":{"line":25,"column":9},"end":{"line":25,"column":60}},"type":"binary-expr","locations":[{"start":{"line":25,"column":9},"end":{"line":25,"column":38}},{"start":{"line":25,"column":42},"end":{"line":25,"column":60}}]}},"s":{"0":2,"1":2,"2":2,"3":2,"4":2,"5":2,"6":2},"f":{"0":2,"1":2},"b":{"0":[0,2],"1":[2,2]}}
,"D:\\kerja\\eigen tri mathema\\test-backend\\src\\interfaces\\controllers\\BookController.ts": {"path":"D:\\kerja\\eigen tri mathema\\test-backend\\src\\interfaces\\controllers\\BookController.ts","statementMap":{"0":{"start":{"line":2,"column":0},"end":{"line":2,"column":82}},"1":{"start":{"line":8,"column":4},"end":{"line":13,"column":5}},"2":{"start":{"line":9,"column":20},"end":{"line":9,"column":49}},"3":{"start":{"line":10,"column":6},"end":{"line":10,"column":22}},"4":{"start":{"line":12,"column":6},"end":{"line":12,"column":64}},"5":{"start":{"line":18,"column":4},"end":{"line":24,"column":5}},"6":{"start":{"line":19,"column":19},"end":{"line":19,"column":67}},"7":{"start":{"line":20,"column":6},"end":{"line":20,"column":76}},"8":{"start":{"line":20,"column":17},"end":{"line":20,"column":76}},"9":{"start":{"line":21,"column":6},"end":{"line":21,"column":21}},"10":{"start":{"line":23,"column":6},"end":{"line":23,"column":63}},"11":{"start":{"line":4,"column":0},"end":{"line":4,"column":13}}},"fnMap":{"0":{"name":"(anonymous_7)","decl":{"start":{"line":7,"column":2},"end":{"line":7,"column":8}},"loc":{"start":{"line":7,"column":54},"end":{"line":14,"column":null}}},"1":{"name":"(anonymous_9)","decl":{"start":{"line":17,"column":2},"end":{"line":17,"column":8}},"loc":{"start":{"line":17,"column":56},"end":{"line":25,"column":null}}}},"branchMap":{"0":{"loc":{"start":{"line":20,"column":6},"end":{"line":20,"column":76}},"type":"if","locations":[{"start":{"line":20,"column":6},"end":{"line":20,"column":76}}]}},"s":{"0":2,"1":1,"2":1,"3":1,"4":0,"5":2,"6":2,"7":2,"8":1,"9":1,"10":0,"11":2},"f":{"0":1,"1":2},"b":{"0":[1]}}
,"D:\\kerja\\eigen tri mathema\\test-backend\\src\\interfaces\\controllers\\BorrowingController.ts": {"path":"D:\\kerja\\eigen tri mathema\\test-backend\\src\\interfaces\\controllers\\BorrowingController.ts","statementMap":{"0":{"start":{"line":2,"column":0},"end":{"line":2,"column":82}},"1":{"start":{"line":3,"column":0},"end":{"line":3,"column":86}},"2":{"start":{"line":8,"column":37},"end":{"line":8,"column":45}},"3":{"start":{"line":10,"column":4},"end":{"line":29,"column":5}},"4":{"start":{"line":11,"column":21},"end":{"line":11,"column":66}},"5":{"start":{"line":12,"column":19},"end":{"line":12,"column":60}},"6":{"start":{"line":14,"column":6},"end":{"line":14,"column":97}},"7":{"start":{"line":14,"column":28},"end":{"line":14,"column":97}},"8":{"start":{"line":16,"column":6},"end":{"line":16,"column":102}},"9":{"start":{"line":16,"column":31},"end":{"line":16,"column":102}},"10":{"start":{"line":17,"column":6},"end":{"line":17,"column":97}},"11":{"start":{"line":17,"column":31},"end":{"line":17,"column":97}},"12":{"start":{"line":20,"column":6},"end":{"line":20,"column":43}},"13":{"start":{"line":21,"column":6},"end":{"line":21,"column":22}},"14":{"start":{"line":23,"column":6},"end":{"line":23,"column":56}},"15":{"start":{"line":24,"column":6},"end":{"line":24,"column":50}},"16":{"start":{"line":26,"column":6},"end":{"line":26,"column":58}},"17":{"start":{"line":28,"column":6},"end":{"line":28,"column":64}},"18":{"start":{"line":34,"column":37},"end":{"line":34,"column":45}},"19":{"start":{"line":36,"column":4},"end":{"line":63,"column":5}},"20":{"start":{"line":37,"column":21},"end":{"line":37,"column":66}},"21":{"start":{"line":38,"column":19},"end":{"line":38,"column":60}},"22":{"start":{"line":40,"column":6},"end":{"line":40,"column":97}},"23":{"start":{"line":40,"column":28},"end":{"line":40,"column":97}},"24":{"start":{"line":42,"column":6},"end":{"line":44,"column":7}},"25":{"start":{"line":43,"column":8},"end":{"line":43,"column":84}},"26":{"start":{"line":47,"column":6},"end":{"line":47,"column":80}},"27":{"start":{"line":47,"column":64},"end":{"line":47,"column":78}},"28":{"start":{"line":48,"column":6},"end":{"line":48,"column":22}},"29":{"start":{"line":51,"column":27},"end":{"line":51,"column":131}},"30":{"start":{"line":52,"column":6},"end":{"line":55,"column":7}},"31":{"start":{"line":53,"column":8},"end":{"line":53,"column":43}},"32":{"start":{"line":54,"column":8},"end":{"line":54,"column":75}},"33":{"start":{"line":57,"column":6},"end":{"line":57,"column":56}},"34":{"start":{"line":58,"column":6},"end":{"line":58,"column":50}},"35":{"start":{"line":60,"column":6},"end":{"line":60,"column":58}},"36":{"start":{"line":62,"column":6},"end":{"line":62,"column":64}},"37":{"start":{"line":5,"column":0},"end":{"line":5,"column":13}}},"fnMap":{"0":{"name":"(anonymous_7)","decl":{"start":{"line":7,"column":2},"end":{"line":7,"column":8}},"loc":{"start":{"line":7,"column":53},"end":{"line":30,"column":null}}},"1":{"name":"(anonymous_9)","decl":{"start":{"line":33,"column":2},"end":{"line":33,"column":8}},"loc":{"start":{"line":33,"column":53},"end":{"line":64,"column":null}}},"2":{"name":"(anonymous_11)","decl":{"start":{"line":47,"column":57},"end":{"line":47,"column":58}},"loc":{"start":{"line":47,"column":64},"end":{"line":47,"column":78}}}},"branchMap":{"0":{"loc":{"start":{"line":14,"column":6},"end":{"line":14,"column":97}},"type":"if","locations":[{"start":{"line":14,"column":6},"end":{"line":14,"column":97}}]},"1":{"loc":{"start":{"line":14,"column":10},"end":{"line":14,"column":26}},"type":"binary-expr","locations":[{"start":{"line":14,"column":10},"end":{"line":14,"column":17}},{"start":{"line":14,"column":21},"end":{"line":14,"column":26}}]},"2":{"loc":{"start":{"line":16,"column":6},"end":{"line":16,"column":102}},"type":"if","locations":[{"start":{"line":16,"column":6},"end":{"line":16,"column":102}}]},"3":{"loc":{"start":{"line":17,"column":6},"end":{"line":17,"column":97}},"type":"if","locations":[{"start":{"line":17,"column":6},"end":{"line":17,"column":97}}]},"4":{"loc":{"start":{"line":40,"column":6},"end":{"line":40,"column":97}},"type":"if","locations":[{"start":{"line":40,"column":6},"end":{"line":40,"column":97}}]},"5":{"loc":{"start":{"line":40,"column":10},"end":{"line":40,"column":26}},"type":"binary-expr","locations":[{"start":{"line":40,"column":10},"end":{"line":40,"column":17}},{"start":{"line":40,"column":21},"end":{"line":40,"column":26}}]},"6":{"loc":{"start":{"line":42,"column":6},"end":{"line":44,"column":7}},"type":"if","locations":[{"start":{"line":42,"column":6},"end":{"line":44,"column":7}}]},"7":{"loc":{"start":{"line":51,"column":60},"end":{"line":51,"column":95}},"type":"binary-expr","locations":[{"start":{"line":51,"column":60},"end":{"line":51,"column":81}},{"start":{"line":51,"column":85},"end":{"line":51,"column":95}}]},"8":{"loc":{"start":{"line":52,"column":6},"end":{"line":55,"column":7}},"type":"if","locations":[{"start":{"line":52,"column":6},"end":{"line":55,"column":7}}]}},"s":{"0":2,"1":2,"2":2,"3":2,"4":2,"5":2,"6":2,"7":0,"8":2,"9":0,"10":2,"11":1,"12":1,"13":1,"14":1,"15":1,"16":1,"17":0,"18":1,"19":1,"20":1,"21":1,"22":1,"23":0,"24":1,"25":0,"26":1,"27":1,"28":1,"29":1,"30":1,"31":0,"32":0,"33":1,"34":1,"35":1,"36":0,"37":2},"f":{"0":2,"1":1,"2":1},"b":{"0":[0],"1":[2,2],"2":[0],"3":[1],"4":[0],"5":[1,1],"6":[0],"7":[1,1],"8":[0]}}
,"D:\\kerja\\eigen tri mathema\\test-backend\\src\\interfaces\\routes\\bookRoutes.ts": {"path":"D:\\kerja\\eigen tri mathema\\test-backend\\src\\interfaces\\routes\\bookRoutes.ts","statementMap":{"0":{"start":{"line":1,"column":0},"end":{"line":1,"column":30}},"1":{"start":{"line":2,"column":0},"end":{"line":2,"column":63}},"2":{"start":{"line":3,"column":0},"end":{"line":3,"column":56}},"3":{"start":{"line":5,"column":15},"end":{"line":5,"column":31}},"4":{"start":{"line":24,"column":0},"end":{"line":24,"column":58}},"5":{"start":{"line":45,"column":0},"end":{"line":45,"column":65}},"6":{"start":{"line":47,"column":0},"end":{"line":47,"column":22}}},"fnMap":{},"branchMap":{},"s":{"0":2,"1":2,"2":2,"3":2,"4":2,"5":2,"6":2},"f":{},"b":{}}
,"D:\\kerja\\eigen tri mathema\\test-backend\\src\\interfaces\\routes\\borrowRoutes.ts": {"path":"D:\\kerja\\eigen tri mathema\\test-backend\\src\\interfaces\\routes\\borrowRoutes.ts","statementMap":{"0":{"start":{"line":1,"column":0},"end":{"line":1,"column":30}},"1":{"start":{"line":2,"column":0},"end":{"line":2,"column":73}},"2":{"start":{"line":3,"column":0},"end":{"line":3,"column":56}},"3":{"start":{"line":5,"column":15},"end":{"line":5,"column":31}},"4":{"start":{"line":37,"column":0},"end":{"line":37,"column":63}},"5":{"start":{"line":62,"column":0},"end":{"line":62,"column":69}},"6":{"start":{"line":64,"column":0},"end":{"line":64,"column":22}}},"fnMap":{},"branchMap":{},"s":{"0":2,"1":2,"2":2,"3":2,"4":2,"5":2,"6":2},"f":{},"b":{}}
,"D:\\kerja\\eigen tri mathema\\test-backend\\src\\utils\\errorHandler.ts": {"path":"D:\\kerja\\eigen tri mathema\\test-backend\\src\\utils\\errorHandler.ts","statementMap":{"0":{"start":{"line":4,"column":28},"end":{"line":5,"column":49}},"1":{"start":{"line":4,"column":46},"end":{"line":5,"column":49}},"2":{"start":{"line":5,"column":2},"end":{"line":5,"column":49}},"3":{"start":{"line":4,"column":13},"end":{"line":4,"column":28}}},"fnMap":{"0":{"name":"(anonymous_0)","decl":{"start":{"line":4,"column":28},"end":{"line":4,"column":29}},"loc":{"start":{"line":4,"column":46},"end":{"line":5,"column":49}}},"1":{"name":"(anonymous_1)","decl":{"start":{"line":4,"column":46},"end":{"line":4,"column":47}},"loc":{"start":{"line":5,"column":2},"end":{"line":5,"column":49}}}},"branchMap":{},"s":{"0":2,"1":8,"2":6,"3":2},"f":{"0":8,"1":6},"b":{}}
}
