TN:
SF:src\index.ts
FN:24,(anonymous_1)
FN:25,(anonymous_2)
FN:27,(anonymous_3)
FNF:3
FNH:0
FNDA:0,(anonymous_1)
FNDA:0,(anonymous_2)
FNDA:0,(anonymous_3)
DA:1,2
DA:2,2
DA:3,2
DA:4,2
DA:5,2
DA:6,2
DA:8,2
DA:10,2
DA:11,2
DA:14,2
DA:16,2
DA:18,2
DA:19,2
DA:21,2
DA:23,0
DA:24,0
DA:25,0
DA:27,0
DA:28,0
DA:29,0
DA:33,2
LF:21
LH:15
BRDA:11,0,0,2
BRDA:11,0,1,2
BRDA:21,1,0,0
BRF:3
BRH:2
end_of_record
TN:
SF:src\config\swagger.ts
FN:20,(anonymous_1)
FNF:1
FNH:1
FNDA:2,(anonymous_1)
DA:1,2
DA:2,2
DA:5,2
DA:18,2
DA:20,2
DA:21,2
LF:6
LH:6
BRF:0
BRH:0
end_of_record
TN:
SF:src\infrastructure\repositories\BookRepository.ts
FN:4,(anonymous_8)
FN:8,(anonymous_10)
FN:12,(anonymous_12)
FN:16,(anonymous_14)
FNF:4
FNH:3
FNDA:1,(anonymous_8)
FNDA:5,(anonymous_10)
FNDA:0,(anonymous_12)
FNDA:2,(anonymous_14)
DA:1,2
DA:3,2
DA:5,1
DA:9,5
DA:13,0
DA:17,2
LF:6
LH:5
BRF:0
BRH:0
end_of_record
TN:
SF:src\infrastructure\repositories\MemberRepository.ts
FN:4,(anonymous_8)
FN:8,(anonymous_10)
FN:12,(anonymous_12)
FN:16,(anonymous_14)
FNF:4
FNH:2
FNDA:0,(anonymous_8)
FNDA:3,(anonymous_10)
FNDA:0,(anonymous_12)
FNDA:2,(anonymous_14)
DA:1,2
DA:3,2
DA:5,0
DA:9,3
DA:13,0
DA:17,2
LF:6
LH:4
BRF:0
BRH:0
end_of_record
TN:
SF:src\infrastructure\schemas\BookSchema.ts
FN:19,(anonymous_9)
FNF:1
FNH:1
FNDA:2,(anonymous_9)
DA:1,2
DA:11,2
DA:19,2
DA:20,2
DA:23,2
LF:5
LH:5
BRF:0
BRH:0
end_of_record
TN:
SF:src\infrastructure\schemas\MemberSchema.ts
FN:20,(anonymous_9)
FN:24,(anonymous_10)
FNF:2
FNH:2
FNDA:2,(anonymous_9)
FNDA:2,(anonymous_10)
DA:1,2
DA:12,2
DA:20,2
DA:21,2
DA:24,2
DA:25,2
DA:28,2
LF:7
LH:7
BRDA:21,0,0,0
BRDA:21,0,1,2
BRDA:25,1,0,2
BRDA:25,1,1,2
BRF:4
BRH:3
end_of_record
TN:
SF:src\interfaces\controllers\BookController.ts
FN:7,(anonymous_7)
FN:17,(anonymous_9)
FNF:2
FNH:2
FNDA:1,(anonymous_7)
FNDA:2,(anonymous_9)
DA:2,2
DA:4,2
DA:8,1
DA:9,1
DA:10,1
DA:12,0
DA:18,2
DA:19,2
DA:20,2
DA:21,1
DA:23,0
LF:11
LH:9
BRDA:20,0,0,1
BRF:1
BRH:1
end_of_record
TN:
SF:src\interfaces\controllers\BorrowingController.ts
FN:7,(anonymous_7)
FN:33,(anonymous_9)
FN:47,(anonymous_11)
FNF:3
FNH:3
FNDA:2,(anonymous_7)
FNDA:1,(anonymous_9)
FNDA:1,(anonymous_11)
DA:2,2
DA:3,2
DA:5,2
DA:8,2
DA:10,2
DA:11,2
DA:12,2
DA:14,2
DA:16,2
DA:17,2
DA:20,1
DA:21,1
DA:23,1
DA:24,1
DA:26,1
DA:28,0
DA:34,1
DA:36,1
DA:37,1
DA:38,1
DA:40,1
DA:42,1
DA:43,0
DA:47,1
DA:48,1
DA:51,1
DA:52,1
DA:53,0
DA:54,0
DA:57,1
DA:58,1
DA:60,1
DA:62,0
LF:33
LH:28
BRDA:14,0,0,0
BRDA:14,1,0,2
BRDA:14,1,1,2
BRDA:16,2,0,0
BRDA:17,3,0,1
BRDA:40,4,0,0
BRDA:40,5,0,1
BRDA:40,5,1,1
BRDA:42,6,0,0
BRDA:51,7,0,1
BRDA:51,7,1,1
BRDA:52,8,0,0
BRF:12
BRH:7
end_of_record
TN:
SF:src\interfaces\routes\bookRoutes.ts
FNF:0
FNH:0
DA:1,2
DA:2,2
DA:3,2
DA:5,2
DA:24,2
DA:45,2
DA:47,2
LF:7
LH:7
BRF:0
BRH:0
end_of_record
TN:
SF:src\interfaces\routes\borrowRoutes.ts
FNF:0
FNH:0
DA:1,2
DA:2,2
DA:3,2
DA:5,2
DA:37,2
DA:62,2
DA:64,2
LF:7
LH:7
BRF:0
BRH:0
end_of_record
TN:
SF:src\utils\errorHandler.ts
FN:4,(anonymous_0)
FN:4,(anonymous_1)
FNF:2
FNH:2
FNDA:8,(anonymous_0)
FNDA:6,(anonymous_1)
DA:4,8
DA:5,6
LF:2
LH:2
BRF:0
BRH:0
end_of_record
